6135  1516182204.368651 select(7, [3 4], [], NULL, NULL) = 1 (in [4])
6135  1516182207.819904 clock_gettime(CLOCK_BOOTTIME, {82446, 249868053}) = 0
6135  1516182207.819993 read(4, "k", 16384) = 1
6135  1516182207.820120 clock_gettime(CLOCK_BOOTTIME, {82446, 250081412}) = 0
6135  1516182207.820199 clock_gettime(CLOCK_BOOTTIME, {82446, 250157481}) = 0
6135  1516182207.820275 select(7, [3 4], [3], NULL, NULL) = 1 (out [3])
6135  1516182207.820378 clock_gettime(CLOCK_BOOTTIME, {82446, 250337358}) = 0
6135  1516182207.820454 write(3, "\37&2\207\224'4vd\255w\v\233\214\350r\3\6\326\3747a\204\24\205\340\330,9\300Ax"..., 36) = 36
6135  1516182207.820765 clock_gettime(CLOCK_BOOTTIME, {82446, 250725872}) = 0
6135  1516182207.820850 clock_gettime(CLOCK_BOOTTIME, {82446, 250808912}) = 0
6135  1516182207.821185 select(7, [3 4], [], NULL, NULL) = 1 (in [3])
6135  1516182207.832566 clock_gettime(CLOCK_BOOTTIME, {82446, 262530851}) = 0
6135  1516182207.832916 read(3, "\243\374\236\"_\276\305\fGl\252v$b\323\364i\267\345\260\240\324\254\333+\2001\v\31\355=$"..., 8192) = 36
6135  1516182207.833104 clock_gettime(CLOCK_BOOTTIME, {82446, 263067892}) = 0
6135  1516182207.833189 clock_gettime(CLOCK_BOOTTIME, {82446, 263147896}) = 0
6135  1516182207.833265 select(7, [3 4], [5], NULL, NULL) = 1 (out [5])
6135  1516182207.833381 clock_gettime(CLOCK_BOOTTIME, {82446, 263340081}) = 0
6135  1516182207.833457 write(5, "k", 1) = 1
6135  1516182207.833977 clock_gettime(CLOCK_BOOTTIME, {82446, 263938594}) = 0
6135  1516182207.834063 clock_gettime(CLOCK_BOOTTIME, {82446, 264021248}) = 0
6135  1516182207.834138 select(7, [3 4], [], NULL, NULL) = 1 (in [4])
6135  1516182207.968842 clock_gettime(CLOCK_BOOTTIME, {82446, 398806957}) = 0
6135  1516182207.968928 read(4, "s", 16384) = 1
6135  1516182207.969046 clock_gettime(CLOCK_BOOTTIME, {82446, 399005892}) = 0
6135  1516182207.969121 clock_gettime(CLOCK_BOOTTIME, {82446, 399077927}) = 0
6135  1516182207.969192 select(7, [3 4], [3], NULL, NULL) = 1 (out [3])
6135  1516182207.969293 clock_gettime(CLOCK_BOOTTIME, {82446, 399250382}) = 0
6135  1516182207.969365 write(3, "-\273\377U\374\27\225\5\331\212;\211\262(\337 \232\234s\366\320+Z0&ZlP\221\347\3618"..., 36) = 36
6135  1516182207.970254 clock_gettime(CLOCK_BOOTTIME, {82446, 400221004}) = 0
6135  1516182207.970360 clock_gettime(CLOCK_BOOTTIME, {82446, 400319570}) = 0
6135  1516182207.970438 select(7, [3 4], [], NULL, NULL) = 1 (in [3])
6135  1516182207.982271 clock_gettime(CLOCK_BOOTTIME, {82446, 412251043}) = 0
6135  1516182207.982385 read(3, "a\265k\260\3161\30\312\325@\353\227\rA\372\352\372\32-%\347\30e75\300\351\f\37h\3008"..., 8192) = 36
6135  1516182207.982516 clock_gettime(CLOCK_BOOTTIME, {82446, 412476996}) = 0
6135  1516182207.982593 clock_gettime(CLOCK_BOOTTIME, {82446, 412551898}) = 0
6135  1516182207.982669 select(7, [3 4], [5], NULL, NULL) = 1 (out [5])
6135  1516182207.983526 clock_gettime(CLOCK_BOOTTIME, {82446, 413486307}) = 0
6135  1516182207.983605 write(5, "s", 1) = 1
6135  1516182207.984114 clock_gettime(CLOCK_BOOTTIME, {82446, 414073552}) = 0
6135  1516182207.984199 clock_gettime(CLOCK_BOOTTIME, {82446, 414157159}) = 0
6135  1516182207.984274 select(7, [3 4], [], NULL, NULL) = 1 (in [4])
6135  1516182208.144077 clock_gettime(CLOCK_BOOTTIME, {82446, 574039949}) = 0
6135  1516182208.144160 read(4, "\r", 16384) = 1
6135  1516182208.144283 clock_gettime(CLOCK_BOOTTIME, {82446, 574243127}) = 0
6135  1516182208.144358 clock_gettime(CLOCK_BOOTTIME, {82446, 574315158}) = 0
6135  1516182208.144430 select(7, [3 4], [3], NULL, NULL) = 1 (out [3])
6135  1516182208.144530 clock_gettime(CLOCK_BOOTTIME, {82446, 574487227}) = 0
6135  1516182208.144601 write(3, "\324\5\327\272\225\221f\va\364\303,\305\361Z\37o\177\350\245=*s\35\t\200\177\216\244Q\210Y"..., 36) = 36
6135  1516182208.144928 clock_gettime(CLOCK_BOOTTIME, {82446, 574887010}) = 0
6135  1516182208.145010 clock_gettime(CLOCK_BOOTTIME, {82446, 575202326}) = 0
6135  1516182208.145343 select(7, [3 4], [], NULL, NULL) = 1 (in [3])
6135  1516182208.159050 clock_gettime(CLOCK_BOOTTIME, {82446, 589013051}) = 0
6135  1516182208.159171 read(3, "\315\320\6\4|!\272Z\373\16\273\"\273C5s6\265\\0\365<\317\203\314U\35\341\ni\300o"..., 8192) = 36
6135  1516182208.159305 clock_gettime(CLOCK_BOOTTIME, {82446, 589265299}) = 0
6135  1516182208.159381 clock_gettime(CLOCK_BOOTTIME, {82446, 589338638}) = 0
6135  1516182208.159454 select(7, [3 4], [5], NULL, NULL) = 1 (out [5])
6135  1516182208.159557 clock_gettime(CLOCK_BOOTTIME, {82446, 589514490}) = 0
6135  1516182208.159628 write(5, "\r\n", 2) = 2
6135  1516182208.160059 clock_gettime(CLOCK_BOOTTIME, {82446, 590019236}) = 0
6135  1516182208.160142 clock_gettime(CLOCK_BOOTTIME, {82446, 590099336}) = 0
6135  1516182208.160214 select(7, [3 4], [], NULL, NULL) = 1 (in [3])
6135  1516182208.235725 clock_gettime(CLOCK_BOOTTIME, {82446, 665688832}) = 0
6135  1516182208.235812 read(3, "\20\303\364\315\313\325\215\226\t\371_Q\271\3\223\27`\342\307I\307\4\262\237\264\206\342\267\345\226\232\262"..., 8192) = 60
6135  1516182208.235940 clock_gettime(CLOCK_BOOTTIME, {82446, 665900369}) = 0
6135  1516182208.236017 clock_gettime(CLOCK_BOOTTIME, {82446, 665974615}) = 0
6135  1516182208.236090 select(7, [3 4], [5], NULL, NULL) = 1 (out [5])
6135  1516182208.236192 clock_gettime(CLOCK_BOOTTIME, {82446, 666149130}) = 0
6135  1516182208.236263 write(5, "ks: command not found", 21) = 21
6135  1516182208.236700 clock_gettime(CLOCK_BOOTTIME, {82446, 666659058}) = 0
6135  1516182208.236782 clock_gettime(CLOCK_BOOTTIME, {82446, 666739664}) = 0
6135  1516182208.236854 select(7, [3 4], [], NULL, NULL) = 1 (in [3])
6135  1516182208.238465 clock_gettime(CLOCK_BOOTTIME, {82446, 668430019}) = 0
6135  1516182208.238553 read(3, "k\244\256Y\260\2\260\361\10~\361K^\304\315%\264+\206\331\273M\3323\250\r\252H\32\366\360\203"..., 8192) = 36
6135  1516182208.238672 clock_gettime(CLOCK_BOOTTIME, {82446, 668631448}) = 0
6135  1516182208.238747 clock_gettime(CLOCK_BOOTTIME, {82446, 668704977}) = 0
6135  1516182208.238819 select(7, [3 4], [5], NULL, NULL) = 1 (out [5])
6135  1516182208.238922 clock_gettime(CLOCK_BOOTTIME, {82446, 668879311}) = 0
6135  1516182208.238992 write(5, "\r\n", 2) = 2
6135  1516182208.239431 clock_gettime(CLOCK_BOOTTIME, {82446, 669390708}) = 0
6135  1516182208.239514 clock_gettime(CLOCK_BOOTTIME, {82446, 669471284}) = 0
6135  1516182208.239586 select(7, [3 4], [], NULL, NULL) = 1 (in [3])
6135  1516182208.245357 clock_gettime(CLOCK_BOOTTIME, {82446, 675320755}) = 0
6135  1516182208.245443 read(3, "\325M\346\241`\250d\32\236\21 :n\206\235\226\244\323E\35gO\370\227R\222.D\327\216\214\266"..., 8192) = 108
6135  1516182208.245570 clock_gettime(CLOCK_BOOTTIME, {82446, 675530338}) = 0
6135  1516182208.245646 clock_gettime(CLOCK_BOOTTIME, {82446, 675603356}) = 0
6135  1516182208.245718 select(7, [3 4], [5], NULL, NULL) = 1 (out [5])
6135  1516182208.246055 clock_gettime(CLOCK_BOOTTIME, {82446, 676032778}) = 0
6135  1516182208.246283 write(5, "\33]0;root@iZwz9hwh6ka7zzg4qioktmZ"..., 68) = 68
6135  1516182208.246766 clock_gettime(CLOCK_BOOTTIME, {82446, 676726223}) = 0
6135  1516182208.246850 clock_gettime(CLOCK_BOOTTIME, {82446, 676807351}) = 0
6135  1516182208.246922 select(7, [3 4], [], NULL, NULL) = 1 (in [4])
6135  1516182208.669393 clock_gettime(CLOCK_BOOTTIME, {82447, 99354586}) = 0
6135  1516182208.669476 read(4, "k", 16384) = 1
6135  1516182208.669594 clock_gettime(CLOCK_BOOTTIME, {82447, 99554084}) = 0
6135  1516182208.669670 clock_gettime(CLOCK_BOOTTIME, {82447, 99626942}) = 0
6135  1516182208.669742 select(7, [3 4], [3], NULL, NULL) = 1 (out [3])
6135  1516182208.669842 clock_gettime(CLOCK_BOOTTIME, {82447, 99798880}) = 0
6135  1516182208.669914 write(3, "\226\354\263\314\21\232\222\37\5\321.\31\244B\rq\254iw\221\f\300\277g\346T+\353\323\7\25\232"..., 36) = 36
6135  1516182208.670756 clock_gettime(CLOCK_BOOTTIME, {82447, 100716902}) = 0
6135  1516182208.670844 clock_gettime(CLOCK_BOOTTIME, {82447, 100802555}) = 0
6135  1516182208.670917 select(7, [3 4], [], NULL, NULL) = 1 (in [3])
6135  1516182208.680760 clock_gettime(CLOCK_BOOTTIME, {82447, 110720384}) = 0
6135  1516182208.680831 read(3, "\270\243\272\254\335,{\33\236\2070M\214'\243L\24\325\263Q\303\253\204[\205\235\34\371ze\347&"..., 8192) = 36
6135  1516182208.680966 clock_gettime(CLOCK_BOOTTIME, {82447, 110923983}) = 0
6135  1516182208.681031 clock_gettime(CLOCK_BOOTTIME, {82447, 110984627}) = 0
6135  1516182208.681089 select(7, [3 4], [5], NULL, NULL) = 1 (out [5])
6135  1516182208.681174 clock_gettime(CLOCK_BOOTTIME, {82447, 111127863}) = 0
6135  1516182208.681232 write(5, "k", 1) = 1
6135  1516182208.681642 clock_gettime(CLOCK_BOOTTIME, {82447, 111597943}) = 0
6135  1516182208.681708 clock_gettime(CLOCK_BOOTTIME, {82447, 111661237}) = 0
6135  1516182208.681765 select(7, [3 4], [], NULL, NULL) = 1 (in [4])
6135  1516182208.818895 clock_gettime(CLOCK_BOOTTIME, {82447, 248857748}) = 0
6135  1516182208.818979 read(4, "s", 16384) = 1
6135  1516182208.819096 clock_gettime(CLOCK_BOOTTIME, {82447, 249056169}) = 0
6135  1516182208.819172 clock_gettime(CLOCK_BOOTTIME, {82447, 249130099}) = 0
6135  1516182208.819246 select(7, [3 4], [3], NULL, NULL) = 1 (out [3])
6135  1516182208.819346 clock_gettime(CLOCK_BOOTTIME, {82447, 249303226}) = 0
6135  1516182208.819418 write(3, "y\32p\0\330\37\25\255\255;\2\227\267T\17F\10\335h?X\266\237\177&2V\245\321cF\272"..., 36) = 36
6135  1516182208.819734 clock_gettime(CLOCK_BOOTTIME, {82447, 249693410}) = 0
6135  1516182208.819815 clock_gettime(CLOCK_BOOTTIME, {82447, 249772412}) = 0
6135  1516182208.819886 select(7, [3 4], [], NULL, NULL) = 1 (in [3])
6135  1516182208.830266 clock_gettime(CLOCK_BOOTTIME, {82447, 260230255}) = 0
6135  1516182208.830353 read(3, "\6\245\341M(\370\352\10\232\252\331\226g\177_\337\25\237yn8\237E\251\365mP\234d\203\274\17"..., 8192) = 36
6135  1516182208.830480 clock_gettime(CLOCK_BOOTTIME, {82447, 260440634}) = 0
6135  1516182208.830558 clock_gettime(CLOCK_BOOTTIME, {82447, 260516314}) = 0
6135  1516182208.830634 select(7, [3 4], [5], NULL, NULL) = 1 (out [5])
6135  1516182208.830741 clock_gettime(CLOCK_BOOTTIME, {82447, 260698988}) = 0
6135  1516182208.830814 write(5, "s", 1) = 1
6135  1516182208.831275 clock_gettime(CLOCK_BOOTTIME, {82447, 261235005}) = 0
6135  1516182208.831358 clock_gettime(CLOCK_BOOTTIME, {82447, 261315822}) = 0
6135  1516182208.831430 select(7, [3 4], [], NULL, NULL) = 1 (in [4])
6135  1516182209.010698 clock_gettime(CLOCK_BOOTTIME, {82447, 440656356}) = 0
6135  1516182209.010767 read(4, "\r", 16384) = 1
6135  1516182209.010861 clock_gettime(CLOCK_BOOTTIME, {82447, 440817583}) = 0
6135  1516182209.010924 clock_gettime(CLOCK_BOOTTIME, {82447, 440877970}) = 0
6135  1516182209.010982 select(7, [3 4], [3], NULL, NULL) = 1 (out [3])
6135  1516182209.011064 clock_gettime(CLOCK_BOOTTIME, {82447, 441017794}) = 0
6135  1516182209.011122 write(3, "L\331\307\277 \375L\301N\363($UO\224\372b\343y\363\265\236\33\274f\374\346\243P\30\2461"..., 36) = 36
6135  1516182209.011758 clock_gettime(CLOCK_BOOTTIME, {82447, 441715165}) = 0
6135  1516182209.011829 clock_gettime(CLOCK_BOOTTIME, {82447, 441783535}) = 0
6135  1516182209.011888 select(7, [3 4], [], NULL, NULL) = 1 (in [3])
6135  1516182209.022424 clock_gettime(CLOCK_BOOTTIME, {82447, 452383424}) = 0
6135  1516182209.022494 read(3, "E\255\301\371\213\"\260\270c\237\263\306n\325\25\314\0019>\353 +\240\2\324\v(\20\307'\366\203"..., 8192) = 36
6135  1516182209.022596 clock_gettime(CLOCK_BOOTTIME, {82447, 452551703}) = 0
6135  1516182209.022656 clock_gettime(CLOCK_BOOTTIME, {82447, 452610070}) = 0
6135  1516182209.022714 select(7, [3 4], [5], NULL, NULL) = 1 (out [5])
6135  1516182209.022796 clock_gettime(CLOCK_BOOTTIME, {82447, 452749609}) = 0
6135  1516182209.022853 write(5, "\r\n", 2) = 2
6135  1516182209.023252 clock_gettime(CLOCK_BOOTTIME, {82447, 453207406}) = 0
6135  1516182209.023318 clock_gettime(CLOCK_BOOTTIME, {82447, 453271635}) = 0
6135  1516182209.023376 select(7, [3 4], [], NULL, NULL) = 1 (in [3])
6135  1516182209.100601 clock_gettime(CLOCK_BOOTTIME, {82447, 530550893}) = 0
6135  1516182209.100640 read(3, "\5hp\3578@#\273\254\311\263\"B\344\373b\221\266\227w\230\336)^U\206X\2144\265\17G"..., 8192) = 96
6135  1516182209.100703 clock_gettime(CLOCK_BOOTTIME, {82447, 530671008}) = 0
6135  1516182209.100758 clock_gettime(CLOCK_BOOTTIME, {82447, 530705349}) = 0
6135  1516182209.100791 select(7, [3 4], [5], NULL, NULL) = 1 (out [5])
6135  1516182209.100837 clock_gettime(CLOCK_BOOTTIME, {82447, 530784297}) = 0
6135  1516182209.100869 write(5, "ks: command not found\r\n", 23) = 23
6135  1516182209.101073 clock_gettime(CLOCK_BOOTTIME, {82447, 531021213}) = 0
6135  1516182209.101109 clock_gettime(CLOCK_BOOTTIME, {82447, 531056549}) = 0
6135  1516182209.101142 select(7, [3 4], [], NULL, NULL) = 1 (in [3])
6135  1516182209.110038 clock_gettime(CLOCK_BOOTTIME, {82447, 539988697}) = 0
6135  1516182209.110079 read(3, "S0}\331\32Gqf\334$\30\365;\374\374j\214\v\260\351 p\35C\4\273\300]\36W\257T"..., 8192) = 108
6135  1516182209.110142 clock_gettime(CLOCK_BOOTTIME, {82447, 540090222}) = 0
6135  1516182209.110176 clock_gettime(CLOCK_BOOTTIME, {82447, 540123391}) = 0
6135  1516182209.110209 select(7, [3 4], [5], NULL, NULL) = 1 (out [5])
6135  1516182209.110256 clock_gettime(CLOCK_BOOTTIME, {82447, 540202627}) = 0
6135  1516182209.110287 write(5, "\33]0;root@iZwz9hwh6ka7zzg4qioktmZ"..., 68) = 68
6135  1516182209.110527 clock_gettime(CLOCK_BOOTTIME, {82447, 540475250}) = 0
6135  1516182209.110564 clock_gettime(CLOCK_BOOTTIME, {82447, 540511255}) = 0
6135  1516182209.110597 select(7, [3 4], [], NULL, NULL) = 1 (in [4])
6135  1516182209.934053 clock_gettime(CLOCK_BOOTTIME, {82448, 364016581}) = 0
6135  1516182209.934139 read(4, "l", 16384) = 1
6135  1516182209.934255 clock_gettime(CLOCK_BOOTTIME, {82448, 364216029}) = 0
6135  1516182209.934332 clock_gettime(CLOCK_BOOTTIME, {82448, 364289048}) = 0
6135  1516182209.934405 select(7, [3 4], [3], NULL, NULL) = 1 (out [3])
6135  1516182209.934507 clock_gettime(CLOCK_BOOTTIME, {82448, 364464128}) = 0
6135  1516182209.934579 write(3, "\357$/\327Q\247\236Y\317\33\307\306N\335\215)H\233c\245W \260\203\37\222\354yd\33R\245"..., 36) = 36
6135  1516182209.935493 clock_gettime(CLOCK_BOOTTIME, {82448, 365454834}) = 0
6135  1516182209.935580 clock_gettime(CLOCK_BOOTTIME, {82448, 365538443}) = 0
6135  1516182209.935654 select(7, [3 4], [], NULL, NULL) = 1 (in [3])
6135  1516182209.945460 clock_gettime(CLOCK_BOOTTIME, {82448, 375423312}) = 0
6135  1516182209.945546 read(3, "\371\30\207\323\246\330\277\343U\321\301ZN\262PZ4\211\244`X%\337\21#\235\357E\313\275=\303"..., 8192) = 36
6135  1516182209.945675 clock_gettime(CLOCK_BOOTTIME, {82448, 375634423}) = 0
6135  1516182209.945750 clock_gettime(CLOCK_BOOTTIME, {82448, 375707166}) = 0
6135  1516182209.945822 select(7, [3 4], [5], NULL, NULL) = 1 (out [5])
6135  1516182209.945924 clock_gettime(CLOCK_BOOTTIME, {82448, 375881791}) = 0
6135  1516182209.945995 write(5, "l", 1) = 1
6135  1516182209.947076 clock_gettime(CLOCK_BOOTTIME, {82448, 377036861}) = 0
6135  1516182209.947163 clock_gettime(CLOCK_BOOTTIME, {82448, 377121146}) = 0
6135  1516182209.947237 select(7, [3 4], [], NULL, NULL) = 1 (in [4])
6135  1516182210.061084 clock_gettime(CLOCK_BOOTTIME, {82448, 491046005}) = 0
6135  1516182210.061166 read(4, "s", 16384) = 1
6135  1516182210.061285 clock_gettime(CLOCK_BOOTTIME, {82448, 491246175}) = 0
6135  1516182210.061362 clock_gettime(CLOCK_BOOTTIME, {82448, 491319084}) = 0
6135  1516182210.061434 select(7, [3 4], [3], NULL, NULL) = 1 (out [3])
6135  1516182210.061535 clock_gettime(CLOCK_BOOTTIME, {82448, 491491878}) = 0
6135  1516182210.061606 write(3, "\303\340e\271\355\1\250\221\305p'bG\256\343\353\6\304,\4%5S,%|\356\271\4\354\323\207"..., 36) = 36
6135  1516182210.062485 clock_gettime(CLOCK_BOOTTIME, {82448, 492449783}) = 0
6135  1516182210.062580 clock_gettime(CLOCK_BOOTTIME, {82448, 492538288}) = 0
6135  1516182210.062654 select(7, [3 4], [], NULL, NULL) = 1 (in [3])
6135  1516182210.081007 clock_gettime(CLOCK_BOOTTIME, {82448, 510978910}) = 0
6135  1516182210.081107 read(3, "&\320\213\322\262w\347\350\252=<G\327\233\34\327\246\20\7\357}\36\242\333\4\\\7\301$\367\316T"..., 8192) = 36
6135  1516182210.081237 clock_gettime(CLOCK_BOOTTIME, {82448, 511199108}) = 0
6135  1516182210.081317 clock_gettime(CLOCK_BOOTTIME, {82448, 511311194}) = 0
6135  1516182210.081432 select(7, [3 4], [5], NULL, NULL) = 1 (out [5])
6135  1516182210.081546 clock_gettime(CLOCK_BOOTTIME, {82448, 511503911}) = 0
6135  1516182210.081619 write(5, "s", 1) = 1
6135  1516182210.082174 clock_gettime(CLOCK_BOOTTIME, {82448, 512135411}) = 0
6135  1516182210.082263 clock_gettime(CLOCK_BOOTTIME, {82448, 512221000}) = 0
6135  1516182210.082337 select(7, [3 4], [], NULL, NULL) = 1 (in [4])
6135  1516182210.262227 clock_gettime(CLOCK_BOOTTIME, {82448, 692188898}) = 0
6135  1516182210.262309 read(4, "\r", 16384) = 1
6135  1516182210.262427 clock_gettime(CLOCK_BOOTTIME, {82448, 692387649}) = 0
6135  1516182210.262503 clock_gettime(CLOCK_BOOTTIME, {82448, 692460467}) = 0
6135  1516182210.262575 select(7, [3 4], [3], NULL, NULL) = 1 (out [3])
6135  1516182210.262676 clock_gettime(CLOCK_BOOTTIME, {82448, 692633824}) = 0
6135  1516182210.262750 write(3, "!\3200\224p\214\275\\T\206\331l\26\211IA\315f\10ky\302\203\205O\31\332z\313o\5\315"..., 36) = 36
6135  1516182210.263618 clock_gettime(CLOCK_BOOTTIME, {82448, 693583547}) = 0
6135  1516182210.263718 clock_gettime(CLOCK_BOOTTIME, {82448, 693676668}) = 0
6135  1516182210.263796 select(7, [3 4], [], NULL, NULL) = 1 (in [3])
6135  1516182210.276429 clock_gettime(CLOCK_BOOTTIME, {82448, 706392385}) = 0
6135  1516182210.276514 read(3, "\311\260\v\364'\3754>\250m\275\235Q\340\364\203\0\313\316\202:\212\265\300\241\213\342\255\256B\225u"..., 8192) = 36
6135  1516182210.276641 clock_gettime(CLOCK_BOOTTIME, {82448, 706601472}) = 0
6135  1516182210.276717 clock_gettime(CLOCK_BOOTTIME, {82448, 706674084}) = 0
6135  1516182210.276789 select(7, [3 4], [5], NULL, NULL) = 1 (out [5])
6135  1516182210.276891 clock_gettime(CLOCK_BOOTTIME, {82448, 706849445}) = 0
6135  1516182210.276963 write(5, "\r\n", 2) = 2
6135  1516182210.280042 clock_gettime(CLOCK_BOOTTIME, {82448, 710008166}) = 0
6135  1516182210.280149 clock_gettime(CLOCK_BOOTTIME, {82448, 710107958}) = 0
6135  1516182210.280225 select(7, [3 4], [], NULL, NULL) = 1 (in [3])
6135  1516182210.284783 clock_gettime(CLOCK_BOOTTIME, {82448, 714745738}) = 0
6135  1516182210.284867 read(3, "d\37\25\0\216EB\301m\2074\212\313\2335\211\342t\345\356Un^$y\244\362\337v\10\7\321"..., 8192) = 828
6135  1516182210.285070 clock_gettime(CLOCK_BOOTTIME, {82448, 715032308}) = 0
6135  1516182210.285150 clock_gettime(CLOCK_BOOTTIME, {82448, 715107737}) = 0
6135  1516182210.285223 select(7, [3 4], [5], NULL, NULL) = 1 (out [5])
6135  1516182210.285328 clock_gettime(CLOCK_BOOTTIME, {82448, 715285975}) = 0
6135  1516182210.285399 write(5, "\33[0m\33[01;34mbin\33[0m   \33[01;36min"..., 514) = 514
6135  1516182210.285920 clock_gettime(CLOCK_BOOTTIME, {82448, 715880487}) = 0
6135  1516182210.286005 clock_gettime(CLOCK_BOOTTIME, {82448, 715962607}) = 0
6135  1516182210.286078 select(7, [3 4], [], NULL, NULL) = 1 (in [3])
6135  1516182210.296924 clock_gettime(CLOCK_BOOTTIME, {82448, 726888900}) = 0
6135  1516182210.297012 read(3, "r\34\373\"[\305\337\203\4\30\2223d\241\276\316\333\305\206\337n\324\246\243\210\301'\240u\0(\t"..., 8192) = 144
6135  1516182210.297482 clock_gettime(CLOCK_BOOTTIME, {82448, 727439906}) = 0
6135  1516182210.297532 clock_gettime(CLOCK_BOOTTIME, {82448, 727478925}) = 0
6135  1516182210.297566 select(7, [3 4], [5], NULL, NULL) = 1 (out [5])
6135  1516182210.297616 clock_gettime(CLOCK_BOOTTIME, {82448, 727563476}) = 0
6135  1516182210.297649 write(5, "\r\n\33]0;root@iZwz9hwh6ka7zzg4qiokt"..., 70) = 70
6135  1516182210.297888 clock_gettime(CLOCK_BOOTTIME, {82448, 727836722}) = 0
6135  1516182210.297926 clock_gettime(CLOCK_BOOTTIME, {82448, 727873276}) = 0
6135  1516182210.297959 select(7, [3 4], [], NULL, NULL) = 1 (in [4])
6135  1516182211.327764 clock_gettime(CLOCK_BOOTTIME, {82449, 757726975}) = 0
6135  1516182211.327847 read(4, "l", 16384) = 1
6135  1516182211.327970 clock_gettime(CLOCK_BOOTTIME, {82449, 757930779}) = 0
6135  1516182211.328046 clock_gettime(CLOCK_BOOTTIME, {82449, 758003737}) = 0
6135  1516182211.328118 select(7, [3 4], [3], NULL, NULL) = 1 (out [3])
6135  1516182211.328256 clock_gettime(CLOCK_BOOTTIME, {82449, 758215073}) = 0
6135  1516182211.328332 write(3, "Ng0\307\37EkJ8\34;s\10\236:\276\247\202\214\324`E^jh\265u\354m}Y\232"..., 36) = 36
6135  1516182211.329148 clock_gettime(CLOCK_BOOTTIME, {82449, 759109319}) = 0
6135  1516182211.329236 clock_gettime(CLOCK_BOOTTIME, {82449, 759194306}) = 0
6135  1516182211.329309 select(7, [3 4], [], NULL, NULL) = 1 (in [3])
6135  1516182211.339068 clock_gettime(CLOCK_BOOTTIME, {82449, 769031668}) = 0
6135  1516182211.339154 read(3, "K\264^y\226U\352KZ\223\244rH.\374a\3473v\255o%\234\201i:c\317\32\36\353\36"..., 8192) = 36
6135  1516182211.339281 clock_gettime(CLOCK_BOOTTIME, {82449, 769240759}) = 0
6135  1516182211.339357 clock_gettime(CLOCK_BOOTTIME, {82449, 769314705}) = 0
6135  1516182211.339430 select(7, [3 4], [5], NULL, NULL) = 1 (out [5])
6135  1516182211.339534 clock_gettime(CLOCK_BOOTTIME, {82449, 769490978}) = 0
6135  1516182211.339604 write(5, "l", 1) = 1
6135  1516182211.340042 clock_gettime(CLOCK_BOOTTIME, {82449, 770001112}) = 0
6135  1516182211.340124 clock_gettime(CLOCK_BOOTTIME, {82449, 770081317}) = 0
6135  1516182211.340196 select(7, [3 4], [], NULL, NULL) = 1 (in [4])
6135  1516182211.430097 clock_gettime(CLOCK_BOOTTIME, {82449, 860060599}) = 0
6135  1516182211.430181 read(4, "s", 16384) = 1
6135  1516182211.430298 clock_gettime(CLOCK_BOOTTIME, {82449, 860258012}) = 0
6135  1516182211.430374 clock_gettime(CLOCK_BOOTTIME, {82449, 860330996}) = 0
6135  1516182211.430675 select(7, [3 4], [3], NULL, NULL) = 1 (out [3])
6135  1516182211.430791 clock_gettime(CLOCK_BOOTTIME, {82449, 860749203}) = 0
6135  1516182211.430865 write(3, "\3668%/\200\300\302w\260F\25y\335\315\234Ak\376\0324v/v\26Y\257c\241\321u\342\275"..., 36) = 36
6135  1516182211.431201 clock_gettime(CLOCK_BOOTTIME, {82449, 861160745}) = 0
6135  1516182211.431282 clock_gettime(CLOCK_BOOTTIME, {82449, 861239912}) = 0
6135  1516182211.431355 select(7, [3 4], [], NULL, NULL) = 1 (in [3])
6135  1516182211.444842 clock_gettime(CLOCK_BOOTTIME, {82449, 874801193}) = 0
6135  1516182211.444911 read(3, "D\365\200a\226\16aW\265<\275\373\31165\374\23\251\241\247\210\336@\250g7w\320yVX\350"..., 8192) = 36
6135  1516182211.445010 clock_gettime(CLOCK_BOOTTIME, {82449, 874965322}) = 0
6135  1516182211.445069 clock_gettime(CLOCK_BOOTTIME, {82449, 875023035}) = 0
6135  1516182211.445128 select(7, [3 4], [5], NULL, NULL) = 1 (out [5])
6135  1516182211.445209 clock_gettime(CLOCK_BOOTTIME, {82449, 875162586}) = 0
6135  1516182211.445265 write(5, "s", 1) = 1
6135  1516182211.445610 clock_gettime(CLOCK_BOOTTIME, {82449, 875565264}) = 0
6135  1516182211.445675 clock_gettime(CLOCK_BOOTTIME, {82449, 875628939}) = 0
6135  1516182211.445733 select(7, [3 4], [], NULL, NULL) = 1 (in [4])
6135  1516182211.666265 clock_gettime(CLOCK_BOOTTIME, {82450, 96227294}) = 0
6135  1516182211.666347 read(4, "\r", 16384) = 1
6135  1516182211.666462 clock_gettime(CLOCK_BOOTTIME, {82450, 96421951}) = 0
6135  1516182211.666536 clock_gettime(CLOCK_BOOTTIME, {82450, 96493571}) = 0
6135  1516182211.666609 select(7, [3 4], [3], NULL, NULL) = 1 (out [3])
6135  1516182211.666709 clock_gettime(CLOCK_BOOTTIME, {82450, 96667073}) = 0
6135  1516182211.666782 write(3, "fXd\372Z\352\25\243\367\207\231\363\314sI\206\201j\354\273\231b\n\316,\267y<\n\351\31\256"..., 36) = 36
6135  1516182211.667590 clock_gettime(CLOCK_BOOTTIME, {82450, 97550998}) = 0
6135  1516182211.667679 clock_gettime(CLOCK_BOOTTIME, {82450, 97637042}) = 0
6135  1516182211.667753 select(7, [3 4], [], NULL, NULL) = 1 (in [3])
6135  1516182211.676987 clock_gettime(CLOCK_BOOTTIME, {82450, 106950836}) = 0
6135  1516182211.677073 read(3, "\240y\20\201\31\24P\326\344\0\320JvL\332\f\250\224\236\tK\375*\205\272lo\30\205\242\230\360"..., 8192) = 36
6135  1516182211.677203 clock_gettime(CLOCK_BOOTTIME, {82450, 107163090}) = 0
6135  1516182211.677279 clock_gettime(CLOCK_BOOTTIME, {82450, 107236108}) = 0
6135  1516182211.677352 select(7, [3 4], [5], NULL, NULL) = 1 (out [5])
6135  1516182211.677454 clock_gettime(CLOCK_BOOTTIME, {82450, 107411179}) = 0
6135  1516182211.677561 write(5, "\r\n", 2) = 2
6135  1516182211.678068 clock_gettime(CLOCK_BOOTTIME, {82450, 108027552}) = 0
6135  1516182211.678150 clock_gettime(CLOCK_BOOTTIME, {82450, 108107852}) = 0
6135  1516182211.678222 select(7, [3 4], [], NULL, NULL) = 1 (in [3])
6135  1516182211.680070 clock_gettime(CLOCK_BOOTTIME, {82450, 110060798}) = 0
6135  1516182211.680195 read(3, "\316+K\242\326\363\213\363N\225a@\371\302c\1\213a\31\267\361\271s\326\352Aj\345\230\256\213\272"..., 8192) = 828
6135  1516182211.680370 clock_gettime(CLOCK_BOOTTIME, {82450, 110330939}) = 0
6135  1516182211.680447 clock_gettime(CLOCK_BOOTTIME, {82450, 110404218}) = 0
6135  1516182211.680520 select(7, [3 4], [5], NULL, NULL) = 1 (out [5])
6135  1516182211.680628 clock_gettime(CLOCK_BOOTTIME, {82450, 110585353}) = 0
6135  1516182211.680698 write(5, "\33[0m\33[01;34mbin\33[0m   \33[01;36min"..., 514) = 514
6135  1516182211.681162 clock_gettime(CLOCK_BOOTTIME, {82450, 111122041}) = 0
6135  1516182211.681244 clock_gettime(CLOCK_BOOTTIME, {82450, 111201966}) = 0
6135  1516182211.681317 select(7, [3 4], [], NULL, NULL) = 1 (in [3])
6135  1516182211.694026 clock_gettime(CLOCK_BOOTTIME, {82450, 123990710}) = 0
6135  1516182211.694114 read(3, "\246\f?\30\353}\264*\253\356\373\207\361\202\260#\276\351zs;:\327^\224:\274\327\352\0\312o"..., 8192) = 144
6135  1516182211.694250 clock_gettime(CLOCK_BOOTTIME, {82450, 124209805}) = 0
6135  1516182211.694325 clock_gettime(CLOCK_BOOTTIME, {82450, 124283179}) = 0
6135  1516182211.694399 select(7, [3 4], [5], NULL, NULL) = 1 (out [5])
6135  1516182211.694503 clock_gettime(CLOCK_BOOTTIME, {82450, 124460159}) = 0
6135  1516182211.694574 write(5, "\r\n\33]0;root@iZwz9hwh6ka7zzg4qiokt"..., 70) = 70
6135  1516182211.695070 clock_gettime(CLOCK_BOOTTIME, {82450, 125030315}) = 0
6135  1516182211.695152 clock_gettime(CLOCK_BOOTTIME, {82450, 125109673}) = 0
6135  1516182211.695224 select(7, [3 4], [], NULL, NULL) = 1 (in [4])
6135  1516182212.854235 clock_gettime(CLOCK_BOOTTIME, {82451, 284231140}) = 0
6135  1516182212.854376 read(4, "l", 16384) = 1
6135  1516182212.854502 clock_gettime(CLOCK_BOOTTIME, {82451, 284463196}) = 0
6135  1516182212.854580 clock_gettime(CLOCK_BOOTTIME, {82451, 284537362}) = 0
6135  1516182212.854653 select(7, [3 4], [3], NULL, NULL) = 1 (out [3])
6135  1516182212.854769 clock_gettime(CLOCK_BOOTTIME, {82451, 284727513}) = 0
6135  1516182212.854899 write(3, "\0\312\2^RD \316\t\320\361X\\+\371\333\236\321\342>\246*\335\345\371P\335\24\343\256=\23"..., 36) = 36
6135  1516182212.855253 clock_gettime(CLOCK_BOOTTIME, {82451, 285212932}) = 0
6135  1516182212.855336 clock_gettime(CLOCK_BOOTTIME, {82451, 285293819}) = 0
6135  1516182212.855676 select(7, [3 4], [], NULL, NULL) = 1 (in [3])
6135  1516182212.867132 clock_gettime(CLOCK_BOOTTIME, {82451, 297096731}) = 0
6135  1516182212.867219 read(3, "\346\21 \333\10\331\310^y\277,\331\245\373h\272\236\37\24\31z\205\235\35`Y\362>z\362\3642"..., 8192) = 36
6135  1516182212.867346 clock_gettime(CLOCK_BOOTTIME, {82451, 297306338}) = 0
6135  1516182212.867422 clock_gettime(CLOCK_BOOTTIME, {82451, 297379572}) = 0
6135  1516182212.867495 select(7, [3 4], [5], NULL, NULL) = 1 (out [5])
6135  1516182212.867600 clock_gettime(CLOCK_BOOTTIME, {82451, 297556993}) = 0
6135  1516182212.867671 write(5, "l", 1) = 1
6135  1516182212.868113 clock_gettime(CLOCK_BOOTTIME, {82451, 298073570}) = 0
6135  1516182212.868196 clock_gettime(CLOCK_BOOTTIME, {82451, 298153741}) = 0
6135  1516182212.868268 select(7, [3 4], [], NULL, NULL) = 1 (in [4])
6135  1516182212.957302 clock_gettime(CLOCK_BOOTTIME, {82451, 387263951}) = 0
6135  1516182212.957384 read(4, "s", 16384) = 1
6135  1516182212.957501 clock_gettime(CLOCK_BOOTTIME, {82451, 387461816}) = 0
6135  1516182212.957577 clock_gettime(CLOCK_BOOTTIME, {82451, 387534027}) = 0
6135  1516182212.957649 select(7, [3 4], [3], NULL, NULL) = 1 (out [3])
6135  1516182212.957750 clock_gettime(CLOCK_BOOTTIME, {82451, 387707604}) = 0
6135  1516182212.957822 write(3, "\10X\31\0226\311iN\\\343\261\331]\320\231\30\26\253\\\0)\v{\234\v\376\213\233g\274S\7"..., 36) = 36
6135  1516182212.958182 clock_gettime(CLOCK_BOOTTIME, {82451, 388141302}) = 0
6135  1516182212.958263 clock_gettime(CLOCK_BOOTTIME, {82451, 388500575}) = 0
6135  1516182212.958645 select(7, [3 4], [], NULL, NULL) = 1 (in [3])
6135  1516182212.999544 clock_gettime(CLOCK_BOOTTIME, {82451, 429507319}) = 0
6135  1516182212.999629 read(3, "\310\244\215\24\275<J\220\232\224\275X\332\206I\242\251\21\261O\213UH\306uB\271B\10\37\215\224"..., 8192) = 36
6135  1516182212.999759 clock_gettime(CLOCK_BOOTTIME, {82451, 429719026}) = 0
6135  1516182212.999835 clock_gettime(CLOCK_BOOTTIME, {82451, 429792465}) = 0
6135  1516182212.999907 select(7, [3 4], [5], NULL, NULL) = 1 (out [5])
6135  1516182213.000010 clock_gettime(CLOCK_BOOTTIME, {82451, 429967461}) = 0
6135  1516182213.000083 write(5, "s", 1) = 1
6135  1516182213.000509 clock_gettime(CLOCK_BOOTTIME, {82451, 430469840}) = 0
6135  1516182213.001367 clock_gettime(CLOCK_BOOTTIME, {82451, 431333273}) = 0
6135  1516182213.001460 select(7, [3 4], [], NULL, NULL) = 1 (in [4])
6135  1516182213.191196 clock_gettime(CLOCK_BOOTTIME, {82451, 621159976}) = 0
6135  1516182213.191281 read(4, "\r", 16384) = 1
6135  1516182213.191400 clock_gettime(CLOCK_BOOTTIME, {82451, 621359775}) = 0
6135  1516182213.191475 clock_gettime(CLOCK_BOOTTIME, {82451, 621432257}) = 0
6135  1516182213.191547 select(7, [3 4], [3], NULL, NULL) = 1 (out [3])
6135  1516182213.191649 clock_gettime(CLOCK_BOOTTIME, {82451, 621605699}) = 0
6135  1516182213.191721 write(3, "\37\364\t\342\222\201\3\341\215\263\0\305\335\16L\3041*\235\3710\24\237\363\361/\0173*\23\367\17"..., 36) = 36
6135  1516182213.192498 clock_gettime(CLOCK_BOOTTIME, {82451, 622463895}) = 0
6135  1516182213.192597 clock_gettime(CLOCK_BOOTTIME, {82451, 622555853}) = 0
6135  1516182213.192673 select(7, [3 4], [], NULL, NULL) = 1 (in [3])
6135  1516182213.203056 clock_gettime(CLOCK_BOOTTIME, {82451, 633020933}) = 0
6135  1516182213.203134 read(3, "\265\363\1\332E\325Oj+\220o\300\274\272\330\340X\33\350\371\372\313\300\373\203\326\210\313&:S\330"..., 8192) = 36
6135  1516182213.203237 clock_gettime(CLOCK_BOOTTIME, {82451, 633193194}) = 0
6135  1516182213.203297 clock_gettime(CLOCK_BOOTTIME, {82451, 633251560}) = 0
6135  1516182213.203356 select(7, [3 4], [5], NULL, NULL) = 1 (out [5])
6135  1516182213.203557 clock_gettime(CLOCK_BOOTTIME, {82451, 633521560}) = 0
6135  1516182213.203632 write(5, "\r\n", 2) = 2
6135  1516182213.203987 clock_gettime(CLOCK_BOOTTIME, {82451, 633942268}) = 0
6135  1516182213.204052 clock_gettime(CLOCK_BOOTTIME, {82451, 634005418}) = 0
6135  1516182213.204109 select(7, [3 4], [], NULL, NULL) = 1 (in [3])
6135  1516182213.205381 clock_gettime(CLOCK_BOOTTIME, {82451, 635340465}) = 0
6135  1516182213.205450 read(3, "\25\340\23\344M\232rJ\230\336`9\307\357\322R6Z\5\341L\213u\310\3762r\361\366\316\254\217"..., 8192) = 828
6135  1516182213.205590 clock_gettime(CLOCK_BOOTTIME, {82451, 635545916}) = 0
6135  1516182213.205651 clock_gettime(CLOCK_BOOTTIME, {82451, 635604912}) = 0
6135  1516182213.205709 select(7, [3 4], [5], NULL, NULL) = 1 (out [5])
6135  1516182213.205793 clock_gettime(CLOCK_BOOTTIME, {82451, 635746504}) = 0
6135  1516182213.205850 write(5, "\33[0m\33[01;34mbin\33[0m   \33[01;36min"..., 514) = 514
6135  1516182213.206253 clock_gettime(CLOCK_BOOTTIME, {82451, 636209075}) = 0
6135  1516182213.206320 clock_gettime(CLOCK_BOOTTIME, {82451, 636273516}) = 0
6135  1516182213.206378 select(7, [3 4], [], NULL, NULL) = 1 (in [3])
6135  1516182213.213854 clock_gettime(CLOCK_BOOTTIME, {82451, 643813581}) = 0
6135  1516182213.213926 read(3, "\26QD\254\222'\362\304\311\262\253\224\241\317\341lX\322\201\252\25oh\36\360\n\370P\315q\\\4"..., 8192) = 144
6135  1516182213.214037 clock_gettime(CLOCK_BOOTTIME, {82451, 643993216}) = 0
6135  1516182213.214099 clock_gettime(CLOCK_BOOTTIME, {82451, 644052148}) = 0
6135  1516182213.214157 select(7, [3 4], [5], NULL, NULL) = 1 (out [5])
6135  1516182213.214241 clock_gettime(CLOCK_BOOTTIME, {82451, 644193996}) = 0
6135  1516182213.214297 write(5, "\r\n\33]0;root@iZwz9hwh6ka7zzg4qiokt"..., 70) = 70
6135  1516182213.214744 clock_gettime(CLOCK_BOOTTIME, {82451, 644700611}) = 0
6135  1516182213.214812 clock_gettime(CLOCK_BOOTTIME, {82451, 644766736}) = 0
6135  1516182213.214871 select(7, [3 4], [], NULL, NULL) = 1 (in [4])
6135  1516182213.926094 clock_gettime(CLOCK_BOOTTIME, {82452, 356057166}) = 0
6135  1516182213.926180 read(4, "l", 16384) = 1
6135  1516182213.926443 clock_gettime(CLOCK_BOOTTIME, {82452, 356416552}) = 0
6135  1516182213.926540 clock_gettime(CLOCK_BOOTTIME, {82452, 356656263}) = 0
6135  1516182213.926857 select(7, [3 4], [3], NULL, NULL) = 1 (out [3])
6135  1516182213.926981 clock_gettime(CLOCK_BOOTTIME, {82452, 356940718}) = 0
6135  1516182213.927057 write(3, "^\317o\240\316\4\30\20\210\334y\332\303\355si\36154\210\214\212h\232\3466x\3\"\323\365C"..., 36) = 36
6135  1516182213.927413 clock_gettime(CLOCK_BOOTTIME, {82452, 357372676}) = 0
6135  1516182213.927497 clock_gettime(CLOCK_BOOTTIME, {82452, 357711876}) = 0
6135  1516182213.927855 select(7, [3 4], [], NULL, NULL) = 1 (in [3])
6135  1516182213.942357 clock_gettime(CLOCK_BOOTTIME, {82452, 372321932}) = 0
6135  1516182213.942446 read(3, "`\344\223zNr&J\324R\303\367\\\r\25r\324\334|\275\246s\2111k\267?\306X\4\375\17"..., 8192) = 36
6135  1516182213.942574 clock_gettime(CLOCK_BOOTTIME, {82452, 372533404}) = 0
6135  1516182213.942686 clock_gettime(CLOCK_BOOTTIME, {82452, 372657575}) = 0
6135  1516182213.942779 select(7, [3 4], [5], NULL, NULL) = 1 (out [5])
6135  1516182213.942885 clock_gettime(CLOCK_BOOTTIME, {82452, 372842484}) = 0
6135  1516182213.942956 write(5, "l", 1) = 1
6135  1516182213.943403 clock_gettime(CLOCK_BOOTTIME, {82452, 373362474}) = 0
6135  1516182213.943485 clock_gettime(CLOCK_BOOTTIME, {82452, 373442479}) = 0
6135  1516182213.943557 select(7, [3 4], [], NULL, NULL) = 1 (in [4])
6135  1516182214.032408 clock_gettime(CLOCK_BOOTTIME, {82452, 462370843}) = 0
6135  1516182214.032491 read(4, "s", 16384) = 1
6135  1516182214.032614 clock_gettime(CLOCK_BOOTTIME, {82452, 462574801}) = 0
6135  1516182214.032690 clock_gettime(CLOCK_BOOTTIME, {82452, 462646968}) = 0
6135  1516182214.032762 select(7, [3 4], [3], NULL, NULL) = 1 (out [3])
6135  1516182214.032863 clock_gettime(CLOCK_BOOTTIME, {82452, 462820053}) = 0
6135  1516182214.032935 write(3, "\334\"}.l\343\3\273\343t\4\275\251\220:p\21Eu\234\2213Z\213\v\331\303\26\30o \222"..., 36) = 36
6135  1516182214.033904 clock_gettime(CLOCK_BOOTTIME, {82452, 463893219}) = 0
6135  1516182214.034069 clock_gettime(CLOCK_BOOTTIME, {82452, 464039636}) = 0
6135  1516182214.034187 select(7, [3 4], [], NULL, NULL) = 1 (in [3])
6135  1516182214.043387 clock_gettime(CLOCK_BOOTTIME, {82452, 473350418}) = 0
6135  1516182214.043473 read(3, "4\33\246\240\337.s\224P\363\331\\w\265I\245\345K\371h\0FY0\203\323\244\215\333\230\330\357"..., 8192) = 36
6135  1516182214.043597 clock_gettime(CLOCK_BOOTTIME, {82452, 473557169}) = 0
6135  1516182214.043672 clock_gettime(CLOCK_BOOTTIME, {82452, 473629906}) = 0
6135  1516182214.043744 select(7, [3 4], [5], NULL, NULL) = 1 (out [5])
6135  1516182214.043845 clock_gettime(CLOCK_BOOTTIME, {82452, 473802290}) = 0
6135  1516182214.043917 write(5, "s", 1) = 1
6135  1516182214.044491 clock_gettime(CLOCK_BOOTTIME, {82452, 474451682}) = 0
6135  1516182214.044590 clock_gettime(CLOCK_BOOTTIME, {82452, 474551474}) = 0
6135  1516182214.044669 select(7, [3 4], [], NULL, NULL) = 1 (in [4])
6135  1516182214.279370 clock_gettime(CLOCK_BOOTTIME, {82452, 709333765}) = 0
6135  1516182214.279455 read(4, "\r", 16384) = 1
6135  1516182214.279570 clock_gettime(CLOCK_BOOTTIME, {82452, 709530211}) = 0
6135  1516182214.279645 clock_gettime(CLOCK_BOOTTIME, {82452, 709602151}) = 0
6135  1516182214.279718 select(7, [3 4], [3], NULL, NULL) = 1 (out [3])
6135  1516182214.279817 clock_gettime(CLOCK_BOOTTIME, {82452, 709774576}) = 0
6135  1516182214.279889 write(3, "\206\302\277\214\20,u\344F\257\274&\10.L\314\252\270\4wO\317\220\267r\3275\304\330\373&\220"..., 36) = 36
6135  1516182214.280843 clock_gettime(CLOCK_BOOTTIME, {82452, 710804559}) = 0
6135  1516182214.280933 clock_gettime(CLOCK_BOOTTIME, {82452, 710923912}) = 0
6135  1516182214.281043 select(7, [3 4], [], NULL, NULL) = 1 (in [3])
6135  1516182214.290569 clock_gettime(CLOCK_BOOTTIME, {82452, 720527306}) = 0
6135  1516182214.290638 read(3, "\352\250yO\325\204\\\333\262\205\374\371\1G\264\336\316\340\361\244\330\374\364\242\7xv\225I\315[^"..., 8192) = 36
6135  1516182214.290739 clock_gettime(CLOCK_BOOTTIME, {82452, 720695137}) = 0
6135  1516182214.290800 clock_gettime(CLOCK_BOOTTIME, {82452, 720753732}) = 0
6135  1516182214.290858 select(7, [3 4], [5], NULL, NULL) = 1 (out [5])
6135  1516182214.290940 clock_gettime(CLOCK_BOOTTIME, {82452, 720893872}) = 0
6135  1516182214.290997 write(5, "\r\n", 2) = 2
6135  1516182214.291339 clock_gettime(CLOCK_BOOTTIME, {82452, 721294473}) = 0
6135  1516182214.291473 clock_gettime(CLOCK_BOOTTIME, {82452, 721432616}) = 0
6135  1516182214.291540 select(7, [3 4], [], NULL, NULL) = 1 (in [3])
6135  1516182214.292810 clock_gettime(CLOCK_BOOTTIME, {82452, 722769364}) = 0
6135  1516182214.292879 read(3, "Z\256\256\205\214||\2705)\304\2079\211\313\363\240=\203\260\21\340a\315NxhS'6T\f"..., 8192) = 828
6135  1516182214.293016 clock_gettime(CLOCK_BOOTTIME, {82452, 722971856}) = 0
6135  1516182214.293077 clock_gettime(CLOCK_BOOTTIME, {82452, 723031638}) = 0
6135  1516182214.293136 select(7, [3 4], [5], NULL, NULL) = 1 (out [5])
6135  1516182214.293219 clock_gettime(CLOCK_BOOTTIME, {82452, 723172292}) = 0
6135  1516182214.293275 write(5, "\33[0m\33[01;34mbin\33[0m   \33[01;36min"..., 514) = 514
6135  1516182214.293648 clock_gettime(CLOCK_BOOTTIME, {82452, 723603059}) = 0
6135  1516182214.293713 clock_gettime(CLOCK_BOOTTIME, {82452, 723667199}) = 0
6135  1516182214.293772 select(7, [3 4], [], NULL, NULL) = 1 (in [3])
6135  1516182214.311929 clock_gettime(CLOCK_BOOTTIME, {82452, 741878420}) = 0
6135  1516182214.311965 read(3, "\223\312\30VI\206?\357\231\f\261\262\237!\245\301\305I82\221y\327X\255\360\23o#\30\334-"..., 8192) = 144
6135  1516182214.312021 clock_gettime(CLOCK_BOOTTIME, {82452, 741967656}) = 0
6135  1516182214.312049 clock_gettime(CLOCK_BOOTTIME, {82452, 741994346}) = 0
6135  1516182214.312076 select(7, [3 4], [5], NULL, NULL) = 1 (out [5])
6135  1516182214.312115 clock_gettime(CLOCK_BOOTTIME, {82452, 742060729}) = 0
6135  1516182214.312141 write(5, "\r\n\33]0;root@iZwz9hwh6ka7zzg4qiokt"..., 70) = 70
6135  1516182214.312335 clock_gettime(CLOCK_BOOTTIME, {82452, 742281644}) = 0
6135  1516182214.312366 clock_gettime(CLOCK_BOOTTIME, {82452, 742311459}) = 0
6135  1516182214.312393 select(7, [3 4], [], NULL, NULL) = 1 (in [4])
6135  1516182215.041670 clock_gettime(CLOCK_BOOTTIME, {82453, 471633965}) = 0
6135  1516182215.041758 read(4, "l", 16384) = 1
6135  1516182215.041875 clock_gettime(CLOCK_BOOTTIME, {82453, 471835268}) = 0
6135  1516182215.041951 clock_gettime(CLOCK_BOOTTIME, {82453, 471909313}) = 0
6135  1516182215.042025 select(7, [3 4], [3], NULL, NULL) = 1 (out [3])
6135  1516182215.042266 clock_gettime(CLOCK_BOOTTIME, {82453, 472223403}) = 0
6135  1516182215.042340 write(3, "P\32\3468\221\23\324F \232\242.\373H6O\337>Z\347\274G2\325F\210j#\230>\371f"..., 36) = 36
6135  1516182215.043095 clock_gettime(CLOCK_BOOTTIME, {82453, 473055933}) = 0
6135  1516182215.043183 clock_gettime(CLOCK_BOOTTIME, {82453, 473140734}) = 0
6135  1516182215.043256 select(7, [3 4], [], NULL, NULL) = 1 (in [3])
6135  1516182215.052965 clock_gettime(CLOCK_BOOTTIME, {82453, 482929397}) = 0
6135  1516182215.053052 read(3, "\334\304cE\227X\334\323Y\350\334BU\303^\215\352\340\3337\226\37605\30vd\37\213\22\201&"..., 8192) = 36
6135  1516182215.053178 clock_gettime(CLOCK_BOOTTIME, {82453, 483137962}) = 0
6135  1516182215.053254 clock_gettime(CLOCK_BOOTTIME, {82453, 483211822}) = 0
6135  1516182215.053327 select(7, [3 4], [5], NULL, NULL) = 1 (out [5])
6135  1516182215.053429 clock_gettime(CLOCK_BOOTTIME, {82453, 483386607}) = 0
6135  1516182215.053500 write(5, "l", 1) = 1
6135  1516182215.053996 clock_gettime(CLOCK_BOOTTIME, {82453, 483956443}) = 0
6135  1516182215.054079 clock_gettime(CLOCK_BOOTTIME, {82453, 484036834}) = 0
6135  1516182215.054151 select(7, [3 4], [], NULL, NULL) = 1 (in [4])
6135  1516182215.153202 clock_gettime(CLOCK_BOOTTIME, {82453, 583178077}) = 0
6135  1516182215.153342 read(4, "s", 16384) = 1
6135  1516182215.153542 clock_gettime(CLOCK_BOOTTIME, {82453, 583523151}) = 0
6135  1516182215.153689 clock_gettime(CLOCK_BOOTTIME, {82453, 583670095}) = 0
6135  1516182215.153836 select(7, [3 4], [3], NULL, NULL) = 1 (out [3])
6135  1516182215.154017 clock_gettime(CLOCK_BOOTTIME, {82453, 583985844}) = 0
6135  1516182215.154127 write(3, "\207H\374P+\225\342<4\237\317&9P.\227c\321\235Y3\2520\236\26\32\"r\320\361%\245"..., 36) = 36
6135  1516182215.154625 clock_gettime(CLOCK_BOOTTIME, {82453, 584593331}) = 0
6135  1516182215.154737 clock_gettime(CLOCK_BOOTTIME, {82453, 584707822}) = 0
6135  1516182215.154866 select(7, [3 4], [], NULL, NULL) = 1 (in [3])
6135  1516182215.164804 clock_gettime(CLOCK_BOOTTIME, {82453, 594766934}) = 0
6135  1516182215.164888 read(3, "\256\0257a\r \7^'\231\331[{!\6\327k\35\35\203_V\255\237~\233U\33=LzD"..., 8192) = 36
6135  1516182215.165009 clock_gettime(CLOCK_BOOTTIME, {82453, 594969169}) = 0
6135  1516182215.165085 clock_gettime(CLOCK_BOOTTIME, {82453, 595042082}) = 0
6135  1516182215.165157 select(7, [3 4], [5], NULL, NULL) = 1 (out [5])
6135  1516182215.165260 clock_gettime(CLOCK_BOOTTIME, {82453, 595217940}) = 0
6135  1516182215.165331 write(5, "s", 1) = 1
6135  1516182215.165758 clock_gettime(CLOCK_BOOTTIME, {82453, 595717807}) = 0
6135  1516182215.165840 clock_gettime(CLOCK_BOOTTIME, {82453, 595796539}) = 0
6135  1516182215.165911 select(7, [3 4], [], NULL, NULL) = 1 (in [4])
6135  1516182215.383560 clock_gettime(CLOCK_BOOTTIME, {82453, 813522912}) = 0
6135  1516182215.383645 read(4, "\r", 16384) = 1
6135  1516182215.383762 clock_gettime(CLOCK_BOOTTIME, {82453, 813722606}) = 0
6135  1516182215.383839 clock_gettime(CLOCK_BOOTTIME, {82453, 813796045}) = 0
6135  1516182215.383912 select(7, [3 4], [3], NULL, NULL) = 1 (out [3])
6135  1516182215.384013 clock_gettime(CLOCK_BOOTTIME, {82453, 813970554}) = 0
6135  1516182215.384085 write(3, "8\266\t\253\275\225\341\300L|\321\373\332K\235\0068`\301\234\217n\260\223f6\205\230\316\310\301;"..., 36) = 36
6135  1516182215.384415 clock_gettime(CLOCK_BOOTTIME, {82453, 814375445}) = 0
6135  1516182215.384500 clock_gettime(CLOCK_BOOTTIME, {82453, 814457089}) = 0
6135  1516182215.384572 select(7, [3 4], [], NULL, NULL) = 1 (in [3])
6135  1516182215.395514 clock_gettime(CLOCK_BOOTTIME, {82453, 825501522}) = 0
6135  1516182215.395640 read(3, "\36|\307\33\354\235\363?\235\265\33\224\270a\206S\233\22\367,=\331(\202$\373\346{<i\371\246"..., 8192) = 512
6135  1516182215.395800 clock_gettime(CLOCK_BOOTTIME, {82453, 825759464}) = 0
6135  1516182215.395876 clock_gettime(CLOCK_BOOTTIME, {82453, 825833570}) = 0
6135  1516182215.395948 select(7, [3 4], [5], NULL, NULL) = 1 (out [5])
6135  1516182215.396059 clock_gettime(CLOCK_BOOTTIME, {82453, 826016809}) = 0
6135  1516182215.396130 write(5, "\r\n\33[0m\33[01;34mbin\33[0m   \33[01;36m"..., 304) = 304
6135  1516182215.396576 clock_gettime(CLOCK_BOOTTIME, {82453, 826536052}) = 0
6135  1516182215.396658 clock_gettime(CLOCK_BOOTTIME, {82453, 826615371}) = 0
6135  1516182215.396730 select(7, [3 4], [], NULL, NULL) = 1 (in [3])
6135  1516182215.399065 clock_gettime(CLOCK_BOOTTIME, {82453, 829028851}) = 0
6135  1516182215.399153 read(3, "\206\v\232\32\364S+&\321\202A\0249 m\365\326w\353\23\311 KG\235\247n\4%\251P\3"..., 8192) = 352
6135  1516182215.399298 clock_gettime(CLOCK_BOOTTIME, {82453, 829258060}) = 0
6135  1516182215.399375 clock_gettime(CLOCK_BOOTTIME, {82453, 829331975}) = 0
6135  1516182215.399447 select(7, [3 4], [5], NULL, NULL) = 1 (out [5])
6135  1516182215.399551 clock_gettime(CLOCK_BOOTTIME, {82453, 829508815}) = 0
6135  1516182215.399623 write(5, "\r\n\33[01;34metc\33[0m   \33[01;34mlib6"..., 212) = 212
6135  1516182215.400064 clock_gettime(CLOCK_BOOTTIME, {82453, 830024273}) = 0
6135  1516182215.400147 clock_gettime(CLOCK_BOOTTIME, {82453, 830103982}) = 0
6135  1516182215.400219 select(7, [3 4], [], NULL, NULL) = 1 (in [3])
6135  1516182215.404316 clock_gettime(CLOCK_BOOTTIME, {82453, 834313056}) = 0
6135  1516182215.404440 read(3, "\301e\212\"\177\342\323\31\350\34\237E%\332\217\353\244Rlf\273\272 N\245\313X\335\227\230{#"..., 8192) = 144
6135  1516182215.404574 clock_gettime(CLOCK_BOOTTIME, {82453, 834534321}) = 0
6135  1516182215.404650 clock_gettime(CLOCK_BOOTTIME, {82453, 834608016}) = 0
6135  1516182215.404723 select(7, [3 4], [5], NULL, NULL) = 1 (out [5])
6135  1516182215.404826 clock_gettime(CLOCK_BOOTTIME, {82453, 834783392}) = 0
6135  1516182215.404897 write(5, "\r\n\33]0;root@iZwz9hwh6ka7zzg4qiokt"..., 70) = 70
6135  1516182215.405363 clock_gettime(CLOCK_BOOTTIME, {82453, 835323032}) = 0
6135  1516182215.405445 clock_gettime(CLOCK_BOOTTIME, {82453, 835402966}) = 0
6135  1516182215.405517 select(7, [3 4], [], NULL, NULL) = 1 (in [4])
6135  1516182216.573210 clock_gettime(CLOCK_BOOTTIME, {82455, 3172980}) = 0
6135  1516182216.573294 read(4, "l", 16384) = 1
6135  1516182216.573411 clock_gettime(CLOCK_BOOTTIME, {82455, 3371200}) = 0
6135  1516182216.573486 clock_gettime(CLOCK_BOOTTIME, {82455, 3443722}) = 0
6135  1516182216.573558 select(7, [3 4], [3], NULL, NULL) = 1 (out [3])
6135  1516182216.573658 clock_gettime(CLOCK_BOOTTIME, {82455, 3615269}) = 0
6135  1516182216.573730 write(3, "\270\2\207g\250\361\336N\33-\267;\311\215\33\332\35\336\241\21\2005\335\234q\262\36>$X\330\344"..., 36) = 36
6135  1516182216.574056 clock_gettime(CLOCK_BOOTTIME, {82455, 4015675}) = 0
6135  1516182216.574137 clock_gettime(CLOCK_BOOTTIME, {82455, 4094141}) = 0
6135  1516182216.574208 select(7, [3 4], [], NULL, NULL) = 1 (in [3])
6135  1516182216.584599 clock_gettime(CLOCK_BOOTTIME, {82455, 14560989}) = 0
6135  1516182216.584683 read(3, "\r\34\353\234\305\36\327q\351\177\324\25\341Da\252\340\16!X\10 \335\364\243\366\352\v\244\236}\200"..., 8192) = 36
6135  1516182216.584803 clock_gettime(CLOCK_BOOTTIME, {82455, 14763203}) = 0
6135  1516182216.584879 clock_gettime(CLOCK_BOOTTIME, {82455, 14836543}) = 0
6135  1516182216.584951 select(7, [3 4], [5], NULL, NULL) = 1 (out [5])
6135  1516182216.585053 clock_gettime(CLOCK_BOOTTIME, {82455, 15011192}) = 0
6135  1516182216.585124 write(5, "l", 1) = 1
6135  1516182216.585545 clock_gettime(CLOCK_BOOTTIME, {82455, 15504847}) = 0
6135  1516182216.585627 clock_gettime(CLOCK_BOOTTIME, {82455, 15584561}) = 0
6135  1516182216.585699 select(7, [3 4], [], NULL, NULL) = 1 (in [4])
6135  1516182216.715164 clock_gettime(CLOCK_BOOTTIME, {82455, 145112740}) = 0
6135  1516182216.715199 read(4, "s", 16384) = 1
6135  1516182216.715251 clock_gettime(CLOCK_BOOTTIME, {82455, 145197866}) = 0
6135  1516182216.715281 clock_gettime(CLOCK_BOOTTIME, {82455, 145226869}) = 0
6135  1516182216.715310 select(7, [3 4], [3], NULL, NULL) = 1 (out [3])
6135  1516182216.715351 clock_gettime(CLOCK_BOOTTIME, {82455, 145296587}) = 0
6135  1516182216.715379 write(3, "\314J\237\230/N\30\331\261\36\210\2421\313\304*\177\353w\267kJ\344\262\357\16\323\305\373\253+$"..., 36) = 36
6135  1516182216.715738 clock_gettime(CLOCK_BOOTTIME, {82455, 145685074}) = 0
6135  1516182216.715772 clock_gettime(CLOCK_BOOTTIME, {82455, 145718447}) = 0
6135  1516182216.715801 select(7, [3 4], [], NULL, NULL) = 1 (in [3])
6135  1516182216.724980 clock_gettime(CLOCK_BOOTTIME, {82455, 154928832}) = 0
6135  1516182216.725016 read(3, "\3274\213\6\216F\3633\213\250A\221D\215\0\24\375\22\367d!\306\34\333\203?\222\n\350p\230*"..., 8192) = 36
6135  1516182216.725071 clock_gettime(CLOCK_BOOTTIME, {82455, 155018304}) = 0
6135  1516182216.725101 clock_gettime(CLOCK_BOOTTIME, {82455, 155047599}) = 0
6135  1516182216.725131 select(7, [3 4], [5], NULL, NULL) = 1 (out [5])
6135  1516182216.725173 clock_gettime(CLOCK_BOOTTIME, {82455, 155118590}) = 0
6135  1516182216.725201 write(5, "s", 1) = 1
6135  1516182216.725394 clock_gettime(CLOCK_BOOTTIME, {82455, 155340845}) = 0
6135  1516182216.725427 clock_gettime(CLOCK_BOOTTIME, {82455, 155372767}) = 0
6135  1516182216.725455 select(7, [3 4], [], NULL, NULL) = 1 (in [4])
6135  1516182216.917143 clock_gettime(CLOCK_BOOTTIME, {82455, 347105560}) = 0
6135  1516182216.917226 read(4, "\r", 16384) = 1
6135  1516182216.917387 clock_gettime(CLOCK_BOOTTIME, {82455, 347348146}) = 0
6135  1516182216.917467 clock_gettime(CLOCK_BOOTTIME, {82455, 347424096}) = 0
6135  1516182216.917542 select(7, [3 4], [3], NULL, NULL) = 1 (out [3])
6135  1516182216.917643 clock_gettime(CLOCK_BOOTTIME, {82455, 347599798}) = 0
6135  1516182216.917714 write(3, "\271\231#\320\343\333\344\266y\257&\321\355\370\212&\353\230\262\3176\177\353\361\220\7<\316M\313\326\n"..., 36) = 36
6135  1516182216.918535 clock_gettime(CLOCK_BOOTTIME, {82455, 348500949}) = 0
6135  1516182216.918631 clock_gettime(CLOCK_BOOTTIME, {82455, 348588968}) = 0
6135  1516182216.918705 select(7, [3 4], [], NULL, NULL) = 1 (in [3])
6135  1516182216.930326 clock_gettime(CLOCK_BOOTTIME, {82455, 360281122}) = 0
6135  1516182216.930383 read(3, "\341\324\373\343}\215\214\244\355nD\214\1\321\227Y\322\241\0179]\241\252I\360\237\324-\22\373\237\257"..., 8192) = 36
6135  1516182216.930470 clock_gettime(CLOCK_BOOTTIME, {82455, 360423293}) = 0
6135  1516182216.931338 clock_gettime(CLOCK_BOOTTIME, {82455, 361313606}) = 0
6135  1516182216.931427 select(7, [3 4], [5], NULL, NULL) = 1 (out [5])
6135  1516182216.931507 clock_gettime(CLOCK_BOOTTIME, {82455, 361458239}) = 0
6135  1516182216.931556 write(5, "\r\n", 2) = 2
6135  1516182216.931964 clock_gettime(CLOCK_BOOTTIME, {82455, 361917544}) = 0
6135  1516182216.932021 clock_gettime(CLOCK_BOOTTIME, {82455, 361972083}) = 0
6135  1516182216.932069 select(7, [3 4], [], NULL, NULL) = 1 (in [3])
6135  1516182216.939339 clock_gettime(CLOCK_BOOTTIME, {82455, 369295599}) = 0
6135  1516182216.939402 read(3, "\26\252\17b\203N\304\267\rd\27\37\332}<\277\r(\315\251\220k\4\300P7\20557c\323\374"..., 8192) = 828
6135  1516182216.939530 clock_gettime(CLOCK_BOOTTIME, {82455, 369483953}) = 0
6135  1516182216.939585 clock_gettime(CLOCK_BOOTTIME, {82455, 369538018}) = 0
6135  1516182216.939639 select(7, [3 4], [5], NULL, NULL) = 1 (out [5])
6135  1516182216.939716 clock_gettime(CLOCK_BOOTTIME, {82455, 369667983}) = 0
6135  1516182216.939768 write(5, "\33[0m\33[01;34mbin\33[0m   \33[01;36min"..., 514) = 514
6135  1516182216.940111 clock_gettime(CLOCK_BOOTTIME, {82455, 370065486}) = 0
6135  1516182216.940172 clock_gettime(CLOCK_BOOTTIME, {82455, 370125040}) = 0
6135  1516182216.940226 select(7, [3 4], [], NULL, NULL) = 1 (in [3])
6135  1516182216.949015 clock_gettime(CLOCK_BOOTTIME, {82455, 378977119}) = 0
6135  1516182216.949083 read(3, "\360\33\244\36\5\302R\235Psa\252FP!Q\344=9\340\3514\350`9\n\302\226\310\r\321\22"..., 8192) = 144
6135  1516182216.949175 clock_gettime(CLOCK_BOOTTIME, {82455, 379127806}) = 0
6135  1516182216.949225 clock_gettime(CLOCK_BOOTTIME, {82455, 379176559}) = 0
6135  1516182216.949274 select(7, [3 4], [5], NULL, NULL) = 1 (out [5])
6135  1516182216.949346 clock_gettime(CLOCK_BOOTTIME, {82455, 379296907}) = 0
6135  1516182216.949393 write(5, "\r\n\33]0;root@iZwz9hwh6ka7zzg4qiokt"..., 70) = 70
6135  1516182216.949706 clock_gettime(CLOCK_BOOTTIME, {82455, 379658658}) = 0
6135  1516182216.949761 clock_gettime(CLOCK_BOOTTIME, {82455, 379711694}) = 0
6135  1516182216.949809 select(7, [3 4], [], NULL, NULL <detached ...>
